testbed: openflow_testbed
device: controller_3
*** Resource manager config: RESOURCE_ALLOCATOR SUCCESS***
Twister ResourceAllocator: *** available ***
Listening for agent on port 7744...
2013-03-29 11:09:24,248 - ofcontroller - INFO - Starting openflow switch controller server 127.0.0.1:6644
2013-03-29 11:09:24,248 - ofcontroller - INFO - Controller server waiting for switch connection
2013-03-29 11:09:25,776 - ofcontroller - INFO - Starting switch channel
2013-03-29 11:09:25,777 - ofcontroller - INFO - MSG_IN : version: 4 type: 0 length: 16 xid: 0x0 
2013-03-29 11:09:25,777 - ofcontroller - INFO - Setting switch openflow version to: 4
2013-03-29 11:09:25,777 - ofcontroller - DEBUG - Process message for OPENFLOW_VERSION: 4
hello (OFPT_HELLO)
  ofp header
    version: 4
    type: 0
    length: 0
    xid: 0
  Array elements

2013-03-29 11:09:25,777 - ofcontroller - INFO - MSG_OUT: version: 4 type: 0 length: 8 xid: 0x0
2013-03-29 11:09:27,291 - ofcontroller - DEBUG - Sending message to channel
2013-03-29 11:09:27,292 - ofcontroller - INFO - MSG_IN : version: 4 type: 25 length: 24 xid: 0x3b3354f7 
2013-03-29 11:09:27,292 - ofcontroller - DEBUG - Process message for OPENFLOW_VERSION: 4
2013-03-29 11:09:27,793 - ofcontroller - DEBUG - Poll message type: 25
Pool request
2013-03-29 11:09:27,794 - ofcontroller - INFO - POLl message found,type:25
